<?xml version="1.0" encoding="UTF-8"?>
<!-- Generated by org.testng.reporters.JUnitXMLReporter -->
<testsuite ignored="0" hostname="LAPTOP-PB7A2EIU" failures="0" tests="3" name="Default test" time="29.737" errors="0" timestamp="2020-07-23T14:07:16 CDT">
  <testcase classname="com.qa.hubspot.tests.LoginPageTest" name="verifySignUpLinkTest" time="4.444"/>
  <testcase classname="com.qa.hubspot.tests.LoginPageTest" name="verifyLoginPageTitleTest" time="0.108"/>
  <testcase classname="com.qa.hubspot.tests.LoginPageTest" name="verifyLoginTest" time="3.63"/>
</testsuite> <!-- Default test -->
