<?xml version="1.0" encoding="UTF-8"?>
<!-- Generated by org.testng.reporters.JUnitXMLReporter -->
<testsuite ignored="0" hostname="LAPTOP-PB7A2EIU" failures="0" tests="3" name="Default test" time="34.712" errors="0" timestamp="2020-07-13T20:20:09 CDT">
  <testcase classname="com.qa.hubspot.tests.ContactsPageTest" name="verifyGetContactsPageTitleTest" time="0.321"/>
  <testcase classname="com.qa.hubspot.tests.ContactsPageTest" name="verifyGetContactsPageHeaderTest" time="1.354"/>
  <testcase classname="com.qa.hubspot.tests.ContactsPageTest" name="verifyCreateContact" time="0.0">
    <skipped/>
  </testcase> <!-- verifyCreateContact -->
</testsuite> <!-- Default test -->
