<?xml version="1.0" encoding="UTF-8"?>
<!-- Generated by org.testng.reporters.JUnitXMLReporter -->
<testsuite ignored="4" hostname="LAPTOP-PB7A2EIU" failures="0" tests="3" name="Command line test" time="11.594" errors="0" timestamp="15 Jul 2020 23:10:29 GMT">
  <testcase classname="com.qa.hubspot.tests.HomePageTest" name="@BeforeClass homePageSetUp" time="0.004">
    <failure type="java.lang.NullPointerException">
      <![CDATA[java.lang.NullPointerException
at com.qa.hubspot.tests.HomePageTest.homePageSetUp(HomePageTest.java:16)
... Removed 36 stack frames]]>
    </failure>
  </testcase> <!-- @BeforeClass homePageSetUp -->
  <testcase classname="com.qa.hubspot.tests.HomePageTest" name="verifyHomePageHeaderTest" time="0.0">
    <skipped/>
  </testcase> <!-- verifyHomePageHeaderTest -->
  <testcase classname="com.qa.hubspot.tests.HomePageTest" name="verifyHomePageTitleTest" time="0.0">
    <skipped/>
  </testcase> <!-- verifyHomePageTitleTest -->
  <testcase classname="com.qa.hubspot.tests.HomePageTest" name="verifygetAccountOwnerTest" time="0.0">
    <skipped/>
  </testcase> <!-- verifygetAccountOwnerTest -->
  <testcase classname="com.qa.hubspot.base.BaseTest" name="@BeforeTest setUp" time="0.0">
    <ignored/>
  </testcase> <!-- @BeforeTest setUp -->
  <testcase classname="com.qa.hubspot.base.BaseTest" name="@BeforeTest setUp" time="0.0">
    <ignored/>
  </testcase> <!-- @BeforeTest setUp -->
  <testcase classname="com.qa.hubspot.base.BaseTest" name="@AfterTest tearDown" time="0.0">
    <ignored/>
  </testcase> <!-- @AfterTest tearDown -->
  <testcase classname="com.qa.hubspot.base.BaseTest" name="@AfterTest tearDown" time="0.0">
    <ignored/>
  </testcase> <!-- @AfterTest tearDown -->
</testsuite> <!-- Command line test -->
