<?xml version="1.0" encoding="UTF-8"?>
<!-- Generated by org.testng.reporters.JUnitXMLReporter -->
<testsuite ignored="0" hostname="LAPTOP-PB7A2EIU" failures="0" tests="3" name="HubSpot Feature Testing - login" time="27.439" errors="0" timestamp="2020-07-15T14:26:23 CDT">
  <testcase classname="com.qa.hubspot.tests.LoginPageTest" name="verifySignUpLinkTest" time="5.379"/>
  <testcase classname="com.qa.hubspot.tests.LoginPageTest" name="verifyLoginPageTitleTest" time="0.14"/>
  <testcase classname="com.qa.hubspot.tests.LoginPageTest" name="verifyLoginTest" time="4.106"/>
</testsuite> <!-- HubSpot Feature Testing - login -->
