<?xml version="1.0" encoding="UTF-8"?>
<!-- Generated by org.testng.reporters.JUnitXMLReporter -->
<testsuite ignored="0" hostname="LAPTOP-PB7A2EIU" failures="0" tests="3" name="HubSpot Feature Testing - Contacts Page" time="26.234" errors="0" timestamp="2020-07-15T14:27:41 CDT">
  <testcase classname="com.qa.hubspot.tests.ContactsPageTest" name="verifyGetContactsPageTitleTest" time="0.67"/>
  <testcase classname="com.qa.hubspot.tests.ContactsPageTest" name="verifyGetContactsPageHeaderTest" time="1.02"/>
  <testcase classname="com.qa.hubspot.tests.ContactsPageTest" name="verifyCreateContact" time="0.0">
    <skipped/>
  </testcase> <!-- verifyCreateContact -->
</testsuite> <!-- HubSpot Feature Testing - Contacts Page -->
