<?xml version="1.0" encoding="UTF-8"?>
<!-- Generated by org.testng.reporters.JUnitXMLReporter -->
<testsuite ignored="0" hostname="LAPTOP-PB7A2EIU" failures="0" tests="3" name="HubSpot Feature Testing - Contacts Page" time="29.195" errors="0" timestamp="18 Jul 2020 22:41:12 GMT">
  <testcase classname="com.qa.hubspot.tests.ContactsPageTest" name="verifyGetContactsPageTitleTest" time="0.805"/>
  <testcase classname="com.qa.hubspot.tests.ContactsPageTest" name="verifyGetContactsPageHeaderTest" time="0.993"/>
  <testcase classname="com.qa.hubspot.tests.ContactsPageTest" name="verifyCreateContact" time="0.0">
    <skipped/>
  </testcase> <!-- verifyCreateContact -->
</testsuite> <!-- HubSpot Feature Testing - Contacts Page -->
