<?xml version="1.0" encoding="UTF-8"?>
<testng-results ignored="0" total="3" passed="3" failed="0" skipped="0">
  <reporter-output>
  </reporter-output>
  <suite started-at="2020-07-23T14:06:46 CDT" name="Default suite" finished-at="2020-07-23T14:07:16 CDT" duration-ms="29737">
    <groups>
    </groups>
    <test started-at="2020-07-23T14:06:46 CDT" name="Default test" finished-at="2020-07-23T14:07:16 CDT" duration-ms="29737">
      <class name="com.qa.hubspot.tests.LoginPageTest">
        <test-method is-config="true" signature="setUp()[pri:0, instance:com.qa.hubspot.tests.LoginPageTest@3b8ee898]" started-at="2020-07-23T14:06:46 CDT" name="setUp" finished-at="2020-07-23T14:07:06 CDT" duration-ms="19757" status="PASS">
          <reporter-output>
          </reporter-output>
        </test-method> <!-- setUp -->
        <test-method signature="verifySignUpLinkTest()[pri:1, instance:com.qa.hubspot.tests.LoginPageTest@3b8ee898]" started-at="2020-07-23T14:07:06 CDT" name="verifySignUpLinkTest" finished-at="2020-07-23T14:07:11 CDT" duration-ms="4444" status="PASS">
          <reporter-output>
          </reporter-output>
        </test-method> <!-- verifySignUpLinkTest -->
        <test-method signature="verifyLoginPageTitleTest()[pri:2, instance:com.qa.hubspot.tests.LoginPageTest@3b8ee898]" started-at="2020-07-23T14:07:11 CDT" name="verifyLoginPageTitleTest" finished-at="2020-07-23T14:07:11 CDT" duration-ms="108" status="PASS">
          <reporter-output>
          </reporter-output>
        </test-method> <!-- verifyLoginPageTitleTest -->
        <test-method signature="verifyLoginTest()[pri:3, instance:com.qa.hubspot.tests.LoginPageTest@3b8ee898]" started-at="2020-07-23T14:07:11 CDT" name="verifyLoginTest" finished-at="2020-07-23T14:07:15 CDT" duration-ms="3630" status="PASS">
          <reporter-output>
          </reporter-output>
        </test-method> <!-- verifyLoginTest -->
        <test-method is-config="true" signature="tearDown()[pri:0, instance:com.qa.hubspot.tests.LoginPageTest@3b8ee898]" started-at="2020-07-23T14:07:15 CDT" name="tearDown" finished-at="2020-07-23T14:07:16 CDT" duration-ms="943" status="PASS">
          <reporter-output>
          </reporter-output>
        </test-method> <!-- tearDown -->
      </class> <!-- com.qa.hubspot.tests.LoginPageTest -->
    </test> <!-- Default test -->
  </suite> <!-- Default suite -->
</testng-results>
